<?xml version="1.0" encoding="UTF-8"?>
<testng-results skipped="0" failed="0" ignored="0" total="1" passed="1">
  <reporter-output>
  </reporter-output>
  <suite name="Default suite" duration-ms="12875" started-at="2020-02-18T21:34:44Z" finished-at="2020-02-18T21:34:57Z">
    <groups>
    </groups>
    <test name="Default test" duration-ms="12875" started-at="2020-02-18T21:34:44Z" finished-at="2020-02-18T21:34:57Z">
      <class name="seltestng.seltestng1">
        <test-method status="PASS" signature="runFromSeltestng()[pri:0, instance:seltestng.seltestng1@29ee9faa]" name="runFromSeltestng" duration-ms="12833" started-at="2020-02-18T21:34:44Z" finished-at="2020-02-18T21:34:57Z">
          <reporter-output>
          </reporter-output>
        </test-method> <!-- runFromSeltestng -->
      </class> <!-- seltestng.seltestng1 -->
    </test> <!-- Default test -->
  </suite> <!-- Default suite -->
</testng-results>
